生成启动时间为 2014/8/4 10:14:55。
     1>项目“D:\ProjectDev\ChineseWMHMM\ChineseWMHMM\ChineseWMHMM.vcxproj”在节点 2 上(build 个目标)。
     1>InitializeBuildStatus:
         正在创建“Debug\ChineseWMHMM.unsuccessfulbuild”，因为已指定“AlwaysCreate”。
       ClCompile:
         D:\ProgramDT\VisualStudio2010\VC\bin\CL.exe /c /ZI /nologo /W3 /WX- /Od /Oy- /D WIN32 /D _DEBUG /D _CONSOLE /D _UNICODE /D UNICODE /Gm /EHsc /RTC1 /MDd /GS /fp:precise /Zc:wchar_t /Zc:forScope /Fo"Debug\\" /Fd"Debug\vc100.pdb" /Gd /TP /analyze- /errorReport:prompt WordModel.cpp
         WordModel.cpp
     1>d:\projectdev\chinesewmhmm\chinesewmhmm\wordmodel.cpp : warning C4819: 该文件包含不能在当前代码页(936)中表示的字符。请将该文件保存为 Unicode 格式以防止数据丢失
     1>d:\projectdev\chinesewmhmm\chinesewmhmm\wordmodel.cpp(48): warning C4018: “<”: 有符号/无符号不匹配
     1>d:\projectdev\chinesewmhmm\chinesewmhmm\wordmodel.cpp(85): warning C4018: “<”: 有符号/无符号不匹配
     1>d:\projectdev\chinesewmhmm\chinesewmhmm\wordmodel.cpp(118): warning C4129: “/”: 不可识别的字符转义序列
     1>d:\projectdev\chinesewmhmm\chinesewmhmm\wordmodel.cpp(118): warning C4129: “[”: 不可识别的字符转义序列
     1>d:\projectdev\chinesewmhmm\chinesewmhmm\wordmodel.cpp(281): warning C4018: “<”: 有符号/无符号不匹配
     1>d:\projectdev\chinesewmhmm\chinesewmhmm\wordmodel.cpp(400): warning C4018: “<”: 有符号/无符号不匹配
     1>d:\projectdev\chinesewmhmm\chinesewmhmm\wordmodel.cpp(447): warning C4018: “<”: 有符号/无符号不匹配
       ManifestResourceCompile:
         所有输出均为最新。
       Link:
         D:\ProgramDT\VisualStudio2010\VC\bin\link.exe /ERRORREPORT:PROMPT /OUT:"D:\ProjectDev\ChineseWMHMM\Debug\ChineseWMHMM.exe" /INCREMENTAL /NOLOGO kernel32.lib user32.lib gdi32.lib winspool.lib comdlg32.lib advapi32.lib shell32.lib ole32.lib oleaut32.lib uuid.lib odbc32.lib odbccp32.lib /MANIFEST /ManifestFile:"Debug\ChineseWMHMM.exe.intermediate.manifest" /MANIFESTUAC:"level='asInvoker' uiAccess='false'" /DEBUG /PDB:"D:\ProjectDev\ChineseWMHMM\Debug\ChineseWMHMM.pdb" /SUBSYSTEM:CONSOLE /TLBID:1 /DYNAMICBASE /NXCOMPAT /IMPLIB:"D:\ProjectDev\ChineseWMHMM\Debug\ChineseWMHMM.lib" /MACHINE:X86 Debug\ChineseWMHMM.exe.embed.manifest.res
         Debug\ChineseWMHMM.obj
         Debug\HMMmodel.obj
         Debug\stdafx.obj
         Debug\WordModel.obj
       Manifest:
         C:\Program Files (x86)\Microsoft SDKs\Windows\v7.0A\bin\mt.exe /nologo /verbose /out:"Debug\ChineseWMHMM.exe.embed.manifest" /manifest Debug\ChineseWMHMM.exe.intermediate.manifest
         所有输出均为最新。
       LinkEmbedManifest:
         所有输出均为最新。
         ChineseWMHMM.vcxproj -> D:\ProjectDev\ChineseWMHMM\Debug\ChineseWMHMM.exe
       FinalizeBuildStatus:
         正在删除文件“Debug\ChineseWMHMM.unsuccessfulbuild”。
         正在对“Debug\ChineseWMHMM.lastbuildstate”执行 Touch 任务。
     1>已完成生成项目“D:\ProjectDev\ChineseWMHMM\ChineseWMHMM\ChineseWMHMM.vcxproj”(build 个目标)的操作。

生成成功。

已用时间 00:00:01.46
