D:\PROJECTDEV\CHINESEWMHMM\CHINESEWMHMM\DEBUG\CHINESEWMHMM.EXE.EMBED.MANIFEST
D:\PROJECTDEV\CHINESEWMHMM\CHINESEWMHMM\DEBUG\CHINESEWMHMM.EXE.EMBED.MANIFEST.RES
D:\PROJECTDEV\CHINESEWMHMM\CHINESEWMHMM\DEBUG\CHINESEWMHMM.EXE.INTERMEDIATE.MANIFEST
D:\PROJECTDEV\CHINESEWMHMM\CHINESEWMHMM\DEBUG\CHINESEWMHMM.OBJ
D:\ProjectDev\ChineseWMHMM\ChineseWMHMM\Debug\ChineseWMHMM_manifest.rc
D:\ProjectDev\ChineseWMHMM\ChineseWMHMM\Debug\cl.command.1.tlog
D:\ProjectDev\ChineseWMHMM\ChineseWMHMM\Debug\CL.read.1.tlog
D:\ProjectDev\ChineseWMHMM\ChineseWMHMM\Debug\CL.write.1.tlog
D:\PROJECTDEV\CHINESEWMHMM\CHINESEWMHMM\DEBUG\HMMMODEL.OBJ
D:\ProjectDev\ChineseWMHMM\ChineseWMHMM\Debug\link.6404.read.1.tlog
D:\ProjectDev\ChineseWMHMM\ChineseWMHMM\Debug\link.6404.write.1.tlog
D:\ProjectDev\ChineseWMHMM\ChineseWMHMM\Debug\link.6404-cvtres.read.1.tlog
D:\ProjectDev\ChineseWMHMM\ChineseWMHMM\Debug\link.6404-cvtres.write.1.tlog
D:\ProjectDev\ChineseWMHMM\ChineseWMHMM\Debug\link.6440.read.1.tlog
D:\ProjectDev\ChineseWMHMM\ChineseWMHMM\Debug\link.6440.write.1.tlog
D:\ProjectDev\ChineseWMHMM\ChineseWMHMM\Debug\link.6440-cvtres.read.1.tlog
D:\ProjectDev\ChineseWMHMM\ChineseWMHMM\Debug\link.6440-cvtres.write.1.tlog
D:\ProjectDev\ChineseWMHMM\ChineseWMHMM\Debug\link.command.1.tlog
D:\ProjectDev\ChineseWMHMM\ChineseWMHMM\Debug\link.read.1.tlog
D:\ProjectDev\ChineseWMHMM\ChineseWMHMM\Debug\link.write.1.tlog
D:\ProjectDev\ChineseWMHMM\ChineseWMHMM\Debug\link-cvtres.read.1.tlog
D:\ProjectDev\ChineseWMHMM\ChineseWMHMM\Debug\link-cvtres.write.1.tlog
D:\ProjectDev\ChineseWMHMM\ChineseWMHMM\Debug\mt.command.1.tlog
D:\ProjectDev\ChineseWMHMM\ChineseWMHMM\Debug\mt.read.1.tlog
D:\ProjectDev\ChineseWMHMM\ChineseWMHMM\Debug\mt.write.1.tlog
D:\ProjectDev\ChineseWMHMM\ChineseWMHMM\Debug\rc.command.1.tlog
D:\ProjectDev\ChineseWMHMM\ChineseWMHMM\Debug\rc.read.1.tlog
D:\ProjectDev\ChineseWMHMM\ChineseWMHMM\Debug\rc.write.1.tlog
D:\PROJECTDEV\CHINESEWMHMM\CHINESEWMHMM\DEBUG\STDAFX.OBJ
D:\ProjectDev\ChineseWMHMM\ChineseWMHMM\Debug\vc100.idb
D:\PROJECTDEV\CHINESEWMHMM\CHINESEWMHMM\DEBUG\VC100.PDB
D:\PROJECTDEV\CHINESEWMHMM\CHINESEWMHMM\DEBUG\WORDMODEL.OBJ
D:\PROJECTDEV\CHINESEWMHMM\DEBUG\CHINESEWMHMM.EXE
D:\PROJECTDEV\CHINESEWMHMM\DEBUG\CHINESEWMHMM.ILK
D:\PROJECTDEV\CHINESEWMHMM\DEBUG\CHINESEWMHMM.PDB
