D:\PROJECTDEV\CHINESESPLITHMM\CHINESESPLITHMM\DEBUG\CHINESESPLIT.OBJ
D:\PROJECTDEV\CHINESESPLITHMM\CHINESESPLITHMM\DEBUG\CHINESESPLITHMM.EXE.EMBED.MANIFEST
D:\PROJECTDEV\CHINESESPLITHMM\CHINESESPLITHMM\DEBUG\CHINESESPLITHMM.EXE.EMBED.MANIFEST.RES
D:\PROJECTDEV\CHINESESPLITHMM\CHINESESPLITHMM\DEBUG\CHINESESPLITHMM.EXE.INTERMEDIATE.MANIFEST
D:\PROJECTDEV\CHINESESPLITHMM\CHINESESPLITHMM\DEBUG\CHINESESPLITHMM.OBJ
D:\ProjectDev\ChineseSplitHMM\ChineseSplitHMM\Debug\ChineseSplitHMM_manifest.rc
D:\ProjectDev\ChineseSplitHMM\ChineseSplitHMM\Debug\cl.command.1.tlog
D:\ProjectDev\ChineseSplitHMM\ChineseSplitHMM\Debug\CL.read.1.tlog
D:\ProjectDev\ChineseSplitHMM\ChineseSplitHMM\Debug\CL.write.1.tlog
D:\PROJECTDEV\CHINESESPLITHMM\CHINESESPLITHMM\DEBUG\HMMMODEL.OBJ
D:\ProjectDev\ChineseSplitHMM\ChineseSplitHMM\Debug\link.10752.read.1.tlog
D:\ProjectDev\ChineseSplitHMM\ChineseSplitHMM\Debug\link.10752.write.1.tlog
D:\ProjectDev\ChineseSplitHMM\ChineseSplitHMM\Debug\link.10752-cvtres.read.1.tlog
D:\ProjectDev\ChineseSplitHMM\ChineseSplitHMM\Debug\link.10752-cvtres.write.1.tlog
D:\ProjectDev\ChineseSplitHMM\ChineseSplitHMM\Debug\link.11916.read.1.tlog
D:\ProjectDev\ChineseSplitHMM\ChineseSplitHMM\Debug\link.11916.write.1.tlog
D:\ProjectDev\ChineseSplitHMM\ChineseSplitHMM\Debug\link.11916-cvtres.read.1.tlog
D:\ProjectDev\ChineseSplitHMM\ChineseSplitHMM\Debug\link.11916-cvtres.write.1.tlog
D:\ProjectDev\ChineseSplitHMM\ChineseSplitHMM\Debug\link.16764.read.1.tlog
D:\ProjectDev\ChineseSplitHMM\ChineseSplitHMM\Debug\link.16764.write.1.tlog
D:\ProjectDev\ChineseSplitHMM\ChineseSplitHMM\Debug\link.16764-cvtres.read.1.tlog
D:\ProjectDev\ChineseSplitHMM\ChineseSplitHMM\Debug\link.16764-cvtres.write.1.tlog
D:\ProjectDev\ChineseSplitHMM\ChineseSplitHMM\Debug\link.command.1.tlog
D:\ProjectDev\ChineseSplitHMM\ChineseSplitHMM\Debug\link.read.1.tlog
D:\ProjectDev\ChineseSplitHMM\ChineseSplitHMM\Debug\link.write.1.tlog
D:\ProjectDev\ChineseSplitHMM\ChineseSplitHMM\Debug\link-cvtres.read.1.tlog
D:\ProjectDev\ChineseSplitHMM\ChineseSplitHMM\Debug\link-cvtres.write.1.tlog
D:\ProjectDev\ChineseSplitHMM\ChineseSplitHMM\Debug\mt.command.1.tlog
D:\ProjectDev\ChineseSplitHMM\ChineseSplitHMM\Debug\mt.read.1.tlog
D:\ProjectDev\ChineseSplitHMM\ChineseSplitHMM\Debug\mt.write.1.tlog
D:\ProjectDev\ChineseSplitHMM\ChineseSplitHMM\Debug\rc.command.1.tlog
D:\ProjectDev\ChineseSplitHMM\ChineseSplitHMM\Debug\rc.read.1.tlog
D:\ProjectDev\ChineseSplitHMM\ChineseSplitHMM\Debug\rc.write.1.tlog
D:\PROJECTDEV\CHINESESPLITHMM\CHINESESPLITHMM\DEBUG\STDAFX.OBJ
D:\ProjectDev\ChineseSplitHMM\ChineseSplitHMM\Debug\vc100.idb
D:\PROJECTDEV\CHINESESPLITHMM\CHINESESPLITHMM\DEBUG\VC100.PDB
D:\PROJECTDEV\CHINESESPLITHMM\DEBUG\CHINESESPLITHMM.EXE
D:\PROJECTDEV\CHINESESPLITHMM\DEBUG\CHINESESPLITHMM.ILK
D:\PROJECTDEV\CHINESESPLITHMM\DEBUG\CHINESESPLITHMM.PDB
