生成启动时间为 2014/7/29 13:00:17。
     1>项目“D:\ProjectDev\ChineseSplitMM\ChineseSplitMM\ChineseSplitMM.vcxproj”在节点 2 上(rebuild 个目标)。
     1>_PrepareForClean:
         正在删除文件“Debug\ChineseSplitMM.lastbuildstate”。
       InitializeBuildStatus:
         正在创建“Debug\ChineseSplitMM.unsuccessfulbuild”，因为已指定“AlwaysCreate”。
       ClCompile:
         D:\ProgramDT\VisualStudio2010\VC\bin\CL.exe /c /ZI /nologo /W3 /WX- /Od /Oy- /D WIN32 /D _DEBUG /D _CONSOLE /D _UNICODE /D UNICODE /Gm /EHsc /RTC1 /MDd /GS /fp:precise /Zc:wchar_t /Zc:forScope /Fo"Debug\\" /Fd"Debug\vc100.pdb" /Gd /TP /analyze- /errorReport:prompt ChineseSplitMM.cpp dictionary.cpp stdafx.cpp
         stdafx.cpp
         dictionary.cpp
     1>d:\projectdev\chinesesplitmm\chinesesplitmm\dictionary.cpp : warning C4819: 该文件包含不能在当前代码页(936)中表示的字符。请将该文件保存为 Unicode 格式以防止数据丢失
     1>d:\projectdev\chinesesplitmm\chinesesplitmm\dictionary.h : warning C4819: 该文件包含不能在当前代码页(936)中表示的字符。请将该文件保存为 Unicode 格式以防止数据丢失
         ChineseSplitMM.cpp
     1>d:\projectdev\chinesesplitmm\chinesesplitmm\doublemmseg.h : warning C4819: 该文件包含不能在当前代码页(936)中表示的字符。请将该文件保存为 Unicode 格式以防止数据丢失
     1>d:\projectdev\chinesesplitmm\chinesesplitmm\dictionary.h : warning C4819: 该文件包含不能在当前代码页(936)中表示的字符。请将该文件保存为 Unicode 格式以防止数据丢失
     1>d:\projectdev\chinesesplitmm\chinesesplitmm\doublemmseg.h(18): warning C4018: “<”: 有符号/无符号不匹配
     1>d:\projectdev\chinesesplitmm\chinesesplitmm\doublemmseg.h(228): warning C4244: “初始化”: 从“double”转换到“float”，可能丢失数据
     1>d:\projectdev\chinesesplitmm\chinesesplitmm\doublemmseg.h(229): warning C4244: “初始化”: 从“double”转换到“float”，可能丢失数据
         正在生成代码...
       ManifestResourceCompile:
         C:\Program Files (x86)\Microsoft SDKs\Windows\v7.0A\bin\rc.exe /nologo /fo"Debug\ChineseSplitMM.exe.embed.manifest.res" Debug\ChineseSplitMM_manifest.rc 
       Link:
         D:\ProgramDT\VisualStudio2010\VC\bin\link.exe /ERRORREPORT:PROMPT /OUT:"D:\ProjectDev\ChineseSplitMM\Debug\ChineseSplitMM.exe" /INCREMENTAL /NOLOGO kernel32.lib user32.lib gdi32.lib winspool.lib comdlg32.lib advapi32.lib shell32.lib ole32.lib oleaut32.lib uuid.lib odbc32.lib odbccp32.lib /MANIFEST /ManifestFile:"Debug\ChineseSplitMM.exe.intermediate.manifest" /MANIFESTUAC:"level='asInvoker' uiAccess='false'" /DEBUG /PDB:"D:\ProjectDev\ChineseSplitMM\Debug\ChineseSplitMM.pdb" /SUBSYSTEM:CONSOLE /TLBID:1 /DYNAMICBASE /NXCOMPAT /IMPLIB:"D:\ProjectDev\ChineseSplitMM\Debug\ChineseSplitMM.lib" /MACHINE:X86 Debug\ChineseSplitMM.exe.embed.manifest.res
         Debug\ChineseSplitMM.obj
         Debug\dictionary.obj
         Debug\stdafx.obj
       Manifest:
         正在删除文件“Debug\ChineseSplitMM.exe.embed.manifest”。
         C:\Program Files (x86)\Microsoft SDKs\Windows\v7.0A\bin\mt.exe /nologo /verbose /out:"Debug\ChineseSplitMM.exe.embed.manifest" /manifest Debug\ChineseSplitMM.exe.intermediate.manifest
         C:\Program Files (x86)\Microsoft SDKs\Windows\v7.0A\bin\rc.exe /nologo /fo"Debug\ChineseSplitMM.exe.embed.manifest.res" Debug\ChineseSplitMM_manifest.rc 
       LinkEmbedManifest:
         D:\ProgramDT\VisualStudio2010\VC\bin\link.exe /ERRORREPORT:PROMPT /OUT:"D:\ProjectDev\ChineseSplitMM\Debug\ChineseSplitMM.exe" /INCREMENTAL /NOLOGO kernel32.lib user32.lib gdi32.lib winspool.lib comdlg32.lib advapi32.lib shell32.lib ole32.lib oleaut32.lib uuid.lib odbc32.lib odbccp32.lib /MANIFEST /ManifestFile:"Debug\ChineseSplitMM.exe.intermediate.manifest" /MANIFESTUAC:"level='asInvoker' uiAccess='false'" /DEBUG /PDB:"D:\ProjectDev\ChineseSplitMM\Debug\ChineseSplitMM.pdb" /SUBSYSTEM:CONSOLE /TLBID:1 /DYNAMICBASE /NXCOMPAT /IMPLIB:"D:\ProjectDev\ChineseSplitMM\Debug\ChineseSplitMM.lib" /MACHINE:X86 Debug\ChineseSplitMM.exe.embed.manifest.res
         Debug\ChineseSplitMM.obj
         Debug\dictionary.obj
         Debug\stdafx.obj
         ChineseSplitMM.vcxproj -> D:\ProjectDev\ChineseSplitMM\Debug\ChineseSplitMM.exe
       FinalizeBuildStatus:
         正在删除文件“Debug\ChineseSplitMM.unsuccessfulbuild”。
         正在对“Debug\ChineseSplitMM.lastbuildstate”执行 Touch 任务。
     1>已完成生成项目“D:\ProjectDev\ChineseSplitMM\ChineseSplitMM\ChineseSplitMM.vcxproj”(rebuild 个目标)的操作。

生成成功。

已用时间 00:00:12.20
