D:\PROJECTDEV\CHINESESPLITMM\CHINESESPLITMM\DEBUG\CHINESESPLITMM.EXE.EMBED.MANIFEST
D:\PROJECTDEV\CHINESESPLITMM\CHINESESPLITMM\DEBUG\CHINESESPLITMM.EXE.EMBED.MANIFEST.RES
D:\PROJECTDEV\CHINESESPLITMM\CHINESESPLITMM\DEBUG\CHINESESPLITMM.EXE.INTERMEDIATE.MANIFEST
D:\PROJECTDEV\CHINESESPLITMM\CHINESESPLITMM\DEBUG\CHINESESPLITMM.OBJ
D:\ProjectDev\ChineseSplitMM\ChineseSplitMM\Debug\ChineseSplitMM_manifest.rc
D:\ProjectDev\ChineseSplitMM\ChineseSplitMM\Debug\cl.command.1.tlog
D:\ProjectDev\ChineseSplitMM\ChineseSplitMM\Debug\CL.read.1.tlog
D:\ProjectDev\ChineseSplitMM\ChineseSplitMM\Debug\CL.write.1.tlog
D:\PROJECTDEV\CHINESESPLITMM\CHINESESPLITMM\DEBUG\DICTIONARY.OBJ
D:\ProjectDev\ChineseSplitMM\ChineseSplitMM\Debug\link.5864.read.1.tlog
D:\ProjectDev\ChineseSplitMM\ChineseSplitMM\Debug\link.5864.write.1.tlog
D:\ProjectDev\ChineseSplitMM\ChineseSplitMM\Debug\link.5864-cvtres.read.1.tlog
D:\ProjectDev\ChineseSplitMM\ChineseSplitMM\Debug\link.5864-cvtres.write.1.tlog
D:\ProjectDev\ChineseSplitMM\ChineseSplitMM\Debug\link.6836.read.1.tlog
D:\ProjectDev\ChineseSplitMM\ChineseSplitMM\Debug\link.6836.write.1.tlog
D:\ProjectDev\ChineseSplitMM\ChineseSplitMM\Debug\link.6836-cvtres.read.1.tlog
D:\ProjectDev\ChineseSplitMM\ChineseSplitMM\Debug\link.6836-cvtres.write.1.tlog
D:\ProjectDev\ChineseSplitMM\ChineseSplitMM\Debug\link.7140.read.1.tlog
D:\ProjectDev\ChineseSplitMM\ChineseSplitMM\Debug\link.7140.write.1.tlog
D:\ProjectDev\ChineseSplitMM\ChineseSplitMM\Debug\link.7140-cvtres.read.1.tlog
D:\ProjectDev\ChineseSplitMM\ChineseSplitMM\Debug\link.7140-cvtres.write.1.tlog
D:\ProjectDev\ChineseSplitMM\ChineseSplitMM\Debug\link.8172.read.1.tlog
D:\ProjectDev\ChineseSplitMM\ChineseSplitMM\Debug\link.8172.write.1.tlog
D:\ProjectDev\ChineseSplitMM\ChineseSplitMM\Debug\link.8172-cvtres.read.1.tlog
D:\ProjectDev\ChineseSplitMM\ChineseSplitMM\Debug\link.8172-cvtres.write.1.tlog
D:\ProjectDev\ChineseSplitMM\ChineseSplitMM\Debug\link.command.1.tlog
D:\ProjectDev\ChineseSplitMM\ChineseSplitMM\Debug\link.read.1.tlog
D:\ProjectDev\ChineseSplitMM\ChineseSplitMM\Debug\link.write.1.tlog
D:\ProjectDev\ChineseSplitMM\ChineseSplitMM\Debug\link-cvtres.read.1.tlog
D:\ProjectDev\ChineseSplitMM\ChineseSplitMM\Debug\link-cvtres.write.1.tlog
D:\ProjectDev\ChineseSplitMM\ChineseSplitMM\Debug\mt.command.1.tlog
D:\ProjectDev\ChineseSplitMM\ChineseSplitMM\Debug\mt.read.1.tlog
D:\ProjectDev\ChineseSplitMM\ChineseSplitMM\Debug\mt.write.1.tlog
D:\ProjectDev\ChineseSplitMM\ChineseSplitMM\Debug\rc.command.1.tlog
D:\ProjectDev\ChineseSplitMM\ChineseSplitMM\Debug\rc.read.1.tlog
D:\ProjectDev\ChineseSplitMM\ChineseSplitMM\Debug\rc.write.1.tlog
D:\PROJECTDEV\CHINESESPLITMM\CHINESESPLITMM\DEBUG\STDAFX.OBJ
D:\ProjectDev\ChineseSplitMM\ChineseSplitMM\Debug\vc100.idb
D:\PROJECTDEV\CHINESESPLITMM\CHINESESPLITMM\DEBUG\VC100.PDB
D:\PROJECTDEV\CHINESESPLITMM\DEBUG\CHINESESPLITMM.EXE
D:\PROJECTDEV\CHINESESPLITMM\DEBUG\CHINESESPLITMM.ILK
D:\PROJECTDEV\CHINESESPLITMM\DEBUG\CHINESESPLITMM.PDB
